# JRE version: Java(TM) SE Runtime Environment (17.0.2+8) (build 17.0.2+8-LTS-86)
# Java VM: Java HotSpot(TM) 64-Bit Server VM (17.0.2+8-LTS-86, mixed mode, sharing, tiered, compressed oops, compressed class ptrs, g1 gc, windows-amd64)
GC Precious Log:
 CPUs: 12 total, 12 available
 Memory: 32513M
 Large Page Support: Disabled
 NUMA Support: Disabled
 Compressed Oops: Enabled (Zero based)
 Heap Region Size: 4M
 Heap Min Capacity: 8M
 Heap Initial Capacity: 512M
 Heap Max Capacity: 8132M
 Pre-touch: Disabled
 Parallel Workers: 10
 Concurrent Workers: 3
 Concurrent Refinement Workers: 10
 Periodic GC: Disabled
Heap:
 garbage-first heap   total 1572864K, used 221184K [0x0000000603c00000, 0x0000000800000000)
  region size 4096K, 3 young (12288K), 3 survivors (12288K)
 Metaspace       used 641K, committed 768K, reserved 1056768K
  class space    used 53K, committed 128K, reserved 1048576K
GC Heap History (17 events):
Event: 0.282 GC heap before
{Heap before GC invocations=0 (full 0):
 garbage-first heap   total 524288K, used 24576K [0x0000000603c00000, 0x0000000800000000)
  region size 4096K, 6 young (24576K), 0 survivors (0K)
 Metaspace       used 640K, committed 768K, reserved 1056768K
  class space    used 53K, committed 128K, reserved 1048576K
}
Event: 0.311 GC heap after
{Heap after GC invocations=1 (full 0):
 garbage-first heap   total 524288K, used 12160K [0x0000000603c00000, 0x0000000800000000)
  region size 4096K, 1 young (4096K), 1 survivors (4096K)
 Metaspace       used 640K, committed 768K, reserved 1056768K
  class space    used 53K, committed 128K, reserved 1048576K
}
Event: 0.324 GC heap before
{Heap before GC invocations=1 (full 0):
 garbage-first heap   total 524288K, used 32640K [0x0000000603c00000, 0x0000000800000000)
  region size 4096K, 6 young (24576K), 1 survivors (4096K)
 Metaspace       used 641K, committed 768K, reserved 1056768K
  class space    used 53K, committed 128K, reserved 1048576K
}
Event: 0.354 GC heap after
{Heap after GC invocations=2 (full 0):
 garbage-first heap   total 524288K, used 22879K [0x0000000603c00000, 0x0000000800000000)
  region size 4096K, 1 young (4096K), 1 survivors (4096K)
 Metaspace       used 641K, committed 768K, reserved 1056768K
  class space    used 53K, committed 128K, reserved 1048576K
}
Event: 0.366 GC heap before
{Heap before GC invocations=2 (full 0):
 garbage-first heap   total 524288K, used 43359K [0x0000000603c00000, 0x0000000800000000)
  region size 4096K, 6 young (24576K), 1 survivors (4096K)
 Metaspace       used 641K, committed 768K, reserved 1056768K
  class space    used 53K, committed 128K, reserved 1048576K
}
Event: 0.396 GC heap after
{Heap after GC invocations=3 (full 0):
 garbage-first heap   total 524288K, used 34314K [0x0000000603c00000, 0x0000000800000000)
  region size 4096K, 1 young (4096K), 1 survivors (4096K)
 Metaspace       used 641K, committed 768K, reserved 1056768K
  class space    used 53K, committed 128K, reserved 1048576K
}
Event: 0.417 GC heap before
{Heap before GC invocations=3 (full 0):
 garbage-first heap   total 524288K, used 67082K [0x0000000603c00000, 0x0000000800000000)
  region size 4096K, 9 young (36864K), 1 survivors (4096K)
 Metaspace       used 641K, committed 768K, reserved 1056768K
  class space    used 53K, committed 128K, reserved 1048576K
}
Event: 0.466 GC heap after
{Heap after GC invocations=4 (full 0):
 garbage-first heap   total 524288K, used 51975K [0x0000000603c00000, 0x0000000800000000)
  region size 4096K, 2 young (8192K), 2 survivors (8192K)
 Metaspace       used 641K, committed 768K, reserved 1056768K
  class space    used 53K, committed 128K, reserved 1048576K
}
Event: 0.486 GC heap before
{Heap before GC invocations=4 (full 0):
 garbage-first heap   total 524288K, used 88839K [0x0000000603c00000, 0x0000000800000000)
  region size 4096K, 11 young (45056K), 2 survivors (8192K)
 Metaspace       used 641K, committed 768K, reserved 1056768K
  class space    used 53K, committed 128K, reserved 1048576K
}
Event: 0.540 GC heap after
{Heap after GC invocations=5 (full 0):
 garbage-first heap   total 1572864K, used 71508K [0x0000000603c00000, 0x0000000800000000)
  region size 4096K, 2 young (8192K), 2 survivors (8192K)
 Metaspace       used 641K, committed 768K, reserved 1056768K
  class space    used 53K, committed 128K, reserved 1048576K
}
Event: 0.606 GC heap before
{Heap before GC invocations=5 (full 0):
 garbage-first heap   total 1572864K, used 141140K [0x0000000603c00000, 0x0000000800000000)
  region size 4096K, 19 young (77824K), 2 survivors (8192K)
 Metaspace       used 641K, committed 768K, reserved 1056768K
  class space    used 53K, committed 128K, reserved 1048576K
}
Event: 0.730 GC heap after
{Heap after GC invocations=6 (full 0):
 garbage-first heap   total 1572864K, used 108170K [0x0000000603c00000, 0x0000000800000000)
  region size 4096K, 3 young (12288K), 3 survivors (12288K)
 Metaspace       used 641K, committed 768K, reserved 1056768K
  class space    used 53K, committed 128K, reserved 1048576K
}
Event: 0.810 GC heap before
{Heap before GC invocations=6 (full 0):
 garbage-first heap   total 1572864K, used 173706K [0x0000000603c00000, 0x0000000800000000)
  region size 4096K, 19 young (77824K), 3 survivors (12288K)
 Metaspace       used 641K, committed 768K, reserved 1056768K
  class space    used 53K, committed 128K, reserved 1048576K
}
Event: 0.910 GC heap after
{Heap after GC invocations=7 (full 0):
 garbage-first heap   total 1572864K, used 143360K [0x0000000603c00000, 0x0000000800000000)
  region size 4096K, 3 young (12288K), 3 survivors (12288K)
 Metaspace       used 641K, committed 768K, reserved 1056768K
  class space    used 53K, committed 128K, reserved 1048576K
}
Event: 1.331 GC heap before
{Heap before GC invocations=7 (full 0):
 garbage-first heap   total 1572864K, used 208896K [0x0000000603c00000, 0x0000000800000000)
  region size 4096K, 19 young (77824K), 3 survivors (12288K)
 Metaspace       used 641K, committed 768K, reserved 1056768K
  class space    used 53K, committed 128K, reserved 1048576K
}
Event: 1.435 GC heap after
{Heap after GC invocations=8 (full 0):
 garbage-first heap   total 1572864K, used 179264K [0x0000000603c00000, 0x0000000800000000)
  region size 4096K, 3 young (12288K), 3 survivors (12288K)
 Metaspace       used 641K, committed 768K, reserved 1056768K
  class space    used 53K, committed 128K, reserved 1048576K
}
Event: 1.535 GC heap before
{Heap before GC invocations=8 (full 0):
 garbage-first heap   total 1572864K, used 257088K [0x0000000603c00000, 0x0000000800000000)
  region size 4096K, 22 young (90112K), 3 survivors (12288K)
 Metaspace       used 641K, committed 768K, reserved 1056768K
  class space    used 53K, committed 128K, reserved 1048576K
}

